This is TeX, Version 3.14159 (MiKTeX 2 UP 1) (preloaded format=latex 2000.11.28)  22 JUN 2001 17:07
**short.tex
(short.tex
LaTeX2e <2000/06/01>
Babel <v3.6Z> and hyphenation patterns for english, french, german, ngerman, du
mylang, nohyphenation, loaded.
(E:\Program Files\MiKTeX\tex\latex\amslatex\amsart.cls
Document Class: amsart 2000/06/02 v2.07
\linespacing=\dimen102
\normalparindent=\dimen103
\normaltopskip=\skip41
(E:\Program Files\MiKTeX\tex\latex\amslatex\amsmath.sty
Package: amsmath 2000/06/06 v2.12 AMS math features
\@mathmargin=\skip42

For additional information on amsmath, use the `?' option.
(E:\Program Files\MiKTeX\tex\latex\amslatex\amstext.sty
Package: amstext 1999/11/15 v2.0

(E:\Program Files\MiKTeX\tex\latex\amslatex\amsgen.sty
File: amsgen.sty 1999/11/30 v2.0
\@emptytoks=\toks14
\ex@=\dimen104
))
(E:\Program Files\MiKTeX\tex\latex\amslatex\amsbsy.sty
Package: amsbsy 1999/11/29 v1.2d
\pmbraise@=\dimen105
)
(E:\Program Files\MiKTeX\tex\latex\amslatex\amsopn.sty
Package: amsopn 1999/12/14 v2.01 operator names
)
\inf@bad=\count79
LaTeX Info: Redefining \frac on input line 211.
\uproot@=\count80
\leftroot@=\count81
LaTeX Info: Redefining \overline on input line 307.
\classnum@=\count82
\DOTSCASE@=\count83
LaTeX Info: Redefining \ldots on input line 379.
LaTeX Info: Redefining \dots on input line 382.
LaTeX Info: Redefining \cdots on input line 467.
\Mathstrutbox@=\box26
\strutbox@=\box27
\big@size=\dimen106
LaTeX Font Info:    Redeclaring font encoding OML on input line 567.
LaTeX Font Info:    Redeclaring font encoding OMS on input line 568.
\macc@depth=\count84
\c@MaxMatrixCols=\count85
\dotsspace@=\muskip10
\c@parentequation=\count86
\dspbrk@lvl=\count87
\tag@help=\toks15
\row@=\count88
\column@=\count89
\maxfields@=\count90
\andhelp@=\toks16
\eqnshift@=\dimen107
\alignsep@=\dimen108
\tagshift@=\dimen109
\tagwidth@=\dimen110
\totwidth@=\dimen111
\lineht@=\dimen112
\@envbody=\toks17
\multlinegap=\skip43
\multlinetaggap=\skip44
\mathdisplay@stack=\toks18
LaTeX Info: Redefining \[ on input line 2662.
LaTeX Info: Redefining \] on input line 2663.
)
LaTeX Font Info:    Try loading font information for U+msa on input line 395.

(E:\Program Files\MiKTeX\tex\latex\amsfonts\umsa.fd
File: umsa.fd 1995/01/05 v2.2e AMS font definitions
)
(E:\Program Files\MiKTeX\tex\latex\amsfonts\amsfonts.sty
Package: amsfonts 1997/09/17 v2.2e
\symAMSa=\mathgroup4
\symAMSb=\mathgroup5
LaTeX Font Info:    Overwriting math alphabet `\mathfrak' in version `bold'
(Font)                  U/euf/m/n --> U/euf/b/n on input line 133.
)
\copyins=\insert233
\abstractbox=\box28
\listisep=\skip45
\c@part=\count91
\c@section=\count92
\c@subsection=\count93
\c@subsubsection=\count94
\c@paragraph=\count95
\c@subparagraph=\count96
\c@figure=\count97
\c@table=\count98
\abovecaptionskip=\skip46
\belowcaptionskip=\skip47
\captionindent=\dimen113
\thm@style=\toks19
\thm@bodyfont=\toks20
\thm@headfont=\toks21
\thm@notefont=\toks22
\thm@headpunct=\toks23
\thm@preskip=\skip48
\thm@postskip=\skip49
\thm@headsep=\skip50
\dth@everypar=\toks24
)
(E:\Program Files\MiKTeX\tex\latex\base\t1enc.sty
Package: t1enc 1994/06/01 Standard LaTeX package
)
(E:\Program Files\MiKTeX\tex\latex\base\inputenc.sty
Package: inputenc 2000/07/01 v0.996 Input encoding file 

(E:\Program Files\MiKTeX\tex\latex\base\latin1.def
File: latin1.def 2000/07/01 v0.996 Input encoding file 
))
(E:\Program Files\MiKTeX\tex\generic\babel\babel.sty
Package: babel 1999/09/09 v3.6Z The Babel package

(E:\Program Files\MiKTeX\tex\generic\babel\english.ldf
Language: english 1999/04/11 v3.3i English support from the babel system

(E:\Program Files\MiKTeX\tex\generic\babel\babel.def
File: babel.def 1999/09/09 v3.6Z Babel common definitions
\babel@savecnt=\count99
\U@D=\dimen114
)))
(E:\Program Files\MiKTeX\tex\latex\amsfonts\amssymb.sty
Package: amssymb 1996/11/03 v2.2b
)
(E:\Program Files\MiKTeX\tex\generic\xypic\xy.sty
(E:\Program Files\MiKTeX\tex\generic\xypic\xy.tex Bootstrap'ing: catcodes,
docmode, (E:\Program Files\MiKTeX\tex\generic\xypic\xyrecat.tex)
(E:\Program Files\MiKTeX\tex\generic\xypic\xyidioms.tex)

 Xy-pic version 3.7 <1999/02/16>
 Copyright (c) 1991-1998 by Kristoffer H. Rose <krisrose@ens-lyon.fr>
 Xy-pic is free software: see the User's Guide for details.

Loading kernel: messages; fonts; allocations: state,
\X@c=\dimen115
\Y@c=\dimen116
\U@c=\dimen117
\D@c=\dimen118
\L@c=\dimen119
\R@c=\dimen120
\Edge@c=\toks25
\X@p=\dimen121
\Y@p=\dimen122
\U@p=\dimen123
\D@p=\dimen124
\L@p=\dimen125
\R@p=\dimen126
\Edge@p=\toks26
\X@origin=\dimen127
\Y@origin=\dimen128
\X@xbase=\dimen129
\Y@xbase=\dimen130
\X@ybase=\dimen131
\Y@ybase=\dimen132
\X@min=\dimen133
\Y@min=\dimen134
\X@max=\dimen135
\Y@max=\dimen136
\lastobjectbox@=\box29
\zerodotbox@=\box30
\almostz@=\dimen137
 direction,
\d@X=\dimen138
\d@Y=\dimen139
\K@=\count100
\KK@=\count101
\Direction=\count102
\K@dXdY=\dimen140
\K@dYdX=\dimen141
\xyread@=\read1
\xywrite@=\write3
\csp@=\count103
\quotPTK@=\dimen142

utility macros; pictures: \xy, positions,
\swaptoks@@=\toks27
\connectobjectbox@@=\box31
 objects,
\styletoks@=\toks28
 decorations;
kernel objects: directionals, circles, text; options; algorithms: directions,
edges, connections;  Xy-pic loaded)
Package: xy 1999/02/16 Xy-pic version 3.7

(E:\Program Files\MiKTeX\tex\generic\xypic\xyall.tex
 Xy-pic option: All features v.3.3
(E:\Program Files\MiKTeX\tex\generic\xypic\xycurve.tex
 Xy-pic option: Curve and Spline extension v.3.7 curve,
\crv@cnt@=\count104
\crvpts@=\toks29
\splinebox@=\box32
\splineval@=\dimen143
\splinedepth@=\dimen144
\splinetol@=\dimen145
\splinelength@=\dimen146
 circles,
\L@=\dimen147
 loaded)
(E:\Program Files\MiKTeX\tex\generic\xypic\xyframe.tex
 Xy-pic option: Frame and Bracket extension v.3.7 loaded)
(E:\Program Files\MiKTeX\tex\generic\xypic\xycmtip.tex
 Xy-pic option: Computer Modern tip extension v.3.3
(E:\Program Files\MiKTeX\tex\generic\xypic\xytips.tex
 Xy-pic option: More Tips extension v.3.3 loaded) loaded)
(E:\Program Files\MiKTeX\tex\generic\xypic\xyline.tex
 Xy-pic option: Line styles extension v.3.6
\xylinethick@=\dimen148
 loaded)
(E:\Program Files\MiKTeX\tex\generic\xypic\xyrotate.tex
 Xy-pic option: Rotate and Scale extension v.3.3 loaded)
(E:\Program Files\MiKTeX\tex\generic\xypic\xycolor.tex
 Xy-pic option: Colour extension v.3.3 loaded)
(E:\Program Files\MiKTeX\tex\generic\xypic\xymatrix.tex
 Xy-pic option: Matrix feature v.3.4
\Row=\count105
\Col=\count106
\queue@=\toks30
\queue@@=\toks31
\qcount@=\count107
\qcount@@=\count108
\matrixsize@=\count109
 loaded)
(E:\Program Files\MiKTeX\tex\generic\xypic\xyarrow.tex
 Xy-pic option: Arrow and Path feature v.3.5 path, \ar, loaded)
(E:\Program Files\MiKTeX\tex\generic\xypic\xygraph.tex
 Xy-pic option: Graph feature v.3.7 loaded) loaded))
\c@thm=\count110
\c@defn=\count111
\c@conj=\count112
\c@exmp=\count113
 (short.aux)
LaTeX Font Info:    Checking defaults for OML/cmm/m/it on input line 35.
LaTeX Font Info:    ... okay on input line 35.
LaTeX Font Info:    Checking defaults for T1/cmr/m/n on input line 35.
LaTeX Font Info:    ... okay on input line 35.
LaTeX Font Info:    Checking defaults for OT1/cmr/m/n on input line 35.
LaTeX Font Info:    ... okay on input line 35.
LaTeX Font Info:    Checking defaults for OMS/cmsy/m/n on input line 35.
LaTeX Font Info:    ... okay on input line 35.
LaTeX Font Info:    Checking defaults for OMX/cmex/m/n on input line 35.
LaTeX Font Info:    ... okay on input line 35.
LaTeX Font Info:    Checking defaults for U/cmr/m/n on input line 35.
LaTeX Font Info:    ... okay on input line 35.
LaTeX Font Info:    Try loading font information for U+msa on input line 35.

(E:\Program Files\MiKTeX\tex\latex\amsfonts\umsa.fd
File: umsa.fd 1995/01/05 v2.2e AMS font definitions
)
LaTeX Font Info:    Try loading font information for U+msb on input line 35.

(E:\Program Files\MiKTeX\tex\latex\amsfonts\umsb.fd
File: umsb.fd 1995/01/05 v2.2e AMS font definitions
) [1] <xymatrix 8x2 368>
<xymatrix 5x1 158> <xymatrix 5x1 178> <xymatrix 3x2 145> [2] [3]
Underfull \hbox (badness 10000) in paragraph at lines 204--205
\T1/cmr/bx/n/10.95 Corollary 2.9. \T1/cmr/m/it/10.95 The ex-po-nent of the co-h
o-mol-ogy group
 []

[4] <xymatrix 3x1 102> <xymatrix 2x3 248> [5] <xymatrix 2x2 174> [6] <xymatrix
3x1 92> <xymatrix 2x3 288> [7] <xymatrix 3x1 102> <xymatrix 7x7 230> [8]
<xymatrix 2x1 44> <xymatrix 2x2 178> [9] <xymatrix 2x2 164>
LaTeX Font Info:    Try loading font information for T1+cmtt on input line 442.


(E:\Program Files\MiKTeX\tex\latex\base\t1cmtt.fd
File: t1cmtt.fd 1999/05/25 v2.5h Standard LaTeX font definitions
) [10] [11] (short.aux) )
Output written on short.dvi (11 pages, 83948 bytes).
