This is TeX, Version 3.14159 (MiKTeX 2 UP 1) (preloaded format=latex 2000.11.28)  22 JUN 2001 14:55
**slide.tex
(slide.tex
LaTeX2e <2000/06/01>
Babel <v3.6Z> and hyphenation patterns for english, french, german, ngerman, du
mylang, nohyphenation, loaded.
(E:\Program Files\MiKTeX\tex\latex\base\slides.cls
Document Class: slides 1997/08/15 v2.3z Standard LaTeX document class
(E:\Program Files\MiKTeX\tex\latex\base\slides.def
File: slides.def 1997/08/15 v2.3z SLiTeX definitions
 hacks, slides,
\c@page=\count79
 picture,
mods,
\@smashboxa=\box26
\@smashboxb=\box27
\@smashboxc=\box28
 output, init) (E:\Program Files\MiKTeX\tex\latex\base\sfonts.def
File: sfonts.def 1998/06/12 v2.2e Standard LaTeX slide font definitions

(E:\Program Files\MiKTeX\tex\latex\base\ot1lcmss.fd
File: ot1lcmss.fd 1998/06/12 v2.2e Standard LaTeX slide font definitions
))
\c@minutes=\count80
\c@seconds=\count81
\c@mv@invisible=\count82
LaTeX Font Info:    Overwriting symbol font `operators' in version `normal'
(Font)                  OT1/cmr/m/n --> OT1/lcmss/m/n on input line 364.
LaTeX Font Info:    Overwriting symbol font `letters' in version `normal'
(Font)                  OML/cmm/m/it --> OML/lcmm/m/it on input line 367.
LaTeX Font Info:    Overwriting symbol font `symbols' in version `normal'
(Font)                  OMS/cmsy/m/n --> OMS/lcmsy/m/n on input line 369.
LaTeX Font Info:    Overwriting symbol font `largesymbols' in version `normal'
(Font)                  OMX/cmex/m/n --> OMX/lcmex/m/n on input line 371.
LaTeX Font Info:    Overwriting symbol font `operators' in version `invisible'
(Font)                  OT1/cmr/m/n --> OT1/lcmss/m/In on input line 374.
LaTeX Font Info:    Overwriting symbol font `letters' in version `invisible'
(Font)                  OML/cmm/m/it --> OML/lcmm/m/Iit on input line 376.
LaTeX Font Info:    Overwriting symbol font `symbols' in version `invisible'
(Font)                  OMS/cmsy/m/n --> OMS/lcmsy/m/In on input line 378.
LaTeX Font Info:    Overwriting symbol font `largesymbols' in version `invisibl
e'
(Font)                  OMX/cmex/m/n --> OMX/lcmex/m/In on input line 380.
)
(E:\Program Files\MiKTeX\tex\latex\base\t1enc.sty
Package: t1enc 1994/06/01 Standard LaTeX package
LaTeX Font Info:    Try loading font information for T1+lcmss on input line 52.


(E:\Program Files\MiKTeX\tex\latex\base\t1lcmss.fd
File: t1lcmss.fd 1998/06/12 v2.2e Standard LaTeX slide font definitions
))
(E:\Program Files\MiKTeX\tex\latex\base\inputenc.sty
Package: inputenc 2000/07/01 v0.996 Input encoding file 

(E:\Program Files\MiKTeX\tex\latex\base\latin1.def
File: latin1.def 2000/07/01 v0.996 Input encoding file 
))
(E:\Program Files\MiKTeX\tex\generic\babel\babel.sty
Package: babel 1999/09/09 v3.6Z The Babel package

(E:\Program Files\MiKTeX\tex\generic\babel\english.ldf
Language: english 1999/04/11 v3.3i English support from the babel system

(E:\Program Files\MiKTeX\tex\generic\babel\babel.def
File: babel.def 1999/09/09 v3.6Z Babel common definitions
\babel@savecnt=\count83
\U@D=\dimen102
)))
(E:\Program Files\MiKTeX\tex\latex\amslatex\amsthm.sty
Package: amsthm 2000/06/02 v2.07
\thm@style=\toks14
\thm@bodyfont=\toks15
\thm@headfont=\toks16
\thm@notefont=\toks17
\thm@headpunct=\toks18
\thm@preskip=\skip41
\thm@postskip=\skip42
\thm@headsep=\skip43
\dth@everypar=\toks19
)
(E:\Program Files\MiKTeX\tex\latex\amslatex\amsmath.sty
Package: amsmath 2000/06/06 v2.12 AMS math features
\@mathmargin=\skip44

For additional information on amsmath, use the `?' option.
(E:\Program Files\MiKTeX\tex\latex\amslatex\amstext.sty
Package: amstext 1999/11/15 v2.0

(E:\Program Files\MiKTeX\tex\latex\amslatex\amsgen.sty
File: amsgen.sty 1999/11/30 v2.0
\@emptytoks=\toks20
\ex@=\dimen103
))
(E:\Program Files\MiKTeX\tex\latex\amslatex\amsbsy.sty
Package: amsbsy 1999/11/29 v1.2d
\pmbraise@=\dimen104
)
(E:\Program Files\MiKTeX\tex\latex\amslatex\amsopn.sty
Package: amsopn 1999/12/14 v2.01 operator names
)
\inf@bad=\count84
LaTeX Info: Redefining \frac on input line 211.
\uproot@=\count85
\leftroot@=\count86
LaTeX Info: Redefining \overline on input line 307.
\classnum@=\count87
\DOTSCASE@=\count88
LaTeX Info: Redefining \ldots on input line 379.
LaTeX Info: Redefining \dots on input line 382.
LaTeX Info: Redefining \cdots on input line 467.
\Mathstrutbox@=\box29
\strutbox@=\box30
\big@size=\dimen105
LaTeX Font Info:    Redeclaring font encoding OML on input line 567.
LaTeX Font Info:    Redeclaring font encoding OMS on input line 568.
\macc@depth=\count89
\c@MaxMatrixCols=\count90
\dotsspace@=\muskip10
\c@parentequation=\count91
\dspbrk@lvl=\count92
\tag@help=\toks21
\row@=\count93
\column@=\count94
\maxfields@=\count95
\andhelp@=\toks22
\eqnshift@=\dimen106
\alignsep@=\dimen107
\tagshift@=\dimen108
\tagwidth@=\dimen109
\totwidth@=\dimen110
\lineht@=\dimen111
\@envbody=\toks23
\multlinegap=\skip45
\multlinetaggap=\skip46
\mathdisplay@stack=\toks24
LaTeX Info: Redefining \[ on input line 2662.
LaTeX Info: Redefining \] on input line 2663.
)
(E:\Program Files\MiKTeX\tex\latex\amsfonts\amssymb.sty
Package: amssymb 1996/11/03 v2.2b

(E:\Program Files\MiKTeX\tex\latex\amsfonts\amsfonts.sty
Package: amsfonts 1997/09/17 v2.2e
\symAMSa=\mathgroup4
\symAMSb=\mathgroup5
LaTeX Font Info:    Overwriting math alphabet `\mathfrak' in version `bold'
(Font)                  U/euf/m/n --> U/euf/b/n on input line 133.
))
(E:\Program Files\MiKTeX\tex\generic\xypic\xy.sty
(E:\Program Files\MiKTeX\tex\generic\xypic\xy.tex Bootstrap'ing: catcodes,
docmode, (E:\Program Files\MiKTeX\tex\generic\xypic\xyrecat.tex)
(E:\Program Files\MiKTeX\tex\generic\xypic\xyidioms.tex)

 Xy-pic version 3.7 <1999/02/16>
 Copyright (c) 1991-1998 by Kristoffer H. Rose <krisrose@ens-lyon.fr>
 Xy-pic is free software: see the User's Guide for details.

Loading kernel: messages; fonts; allocations: state,
\X@c=\dimen112
\Y@c=\dimen113
\U@c=\dimen114
\D@c=\dimen115
\L@c=\dimen116
\R@c=\dimen117
\Edge@c=\toks25
\X@p=\dimen118
\Y@p=\dimen119
\U@p=\dimen120
\D@p=\dimen121
\L@p=\dimen122
\R@p=\dimen123
\Edge@p=\toks26
\X@origin=\dimen124
\Y@origin=\dimen125
\X@xbase=\dimen126
\Y@xbase=\dimen127
\X@ybase=\dimen128
\Y@ybase=\dimen129
\X@min=\dimen130
\Y@min=\dimen131
\X@max=\dimen132
\Y@max=\dimen133
\lastobjectbox@=\box31
\zerodotbox@=\box32
\almostz@=\dimen134
 direction,
\d@X=\dimen135
\d@Y=\dimen136
\K@=\count96
\KK@=\count97
\Direction=\count98
\K@dXdY=\dimen137
\K@dYdX=\dimen138
\xyread@=\read1
\xywrite@=\write3
\csp@=\count99
\quotPTK@=\dimen139

utility macros; pictures: \xy, positions,
\swaptoks@@=\toks27
\connectobjectbox@@=\box33
 objects,
\styletoks@=\toks28
 decorations;
kernel objects: directionals, circles, text; options; algorithms: directions,
edges, connections;  Xy-pic loaded)
Package: xy 1999/02/16 Xy-pic version 3.7

(E:\Program Files\MiKTeX\tex\generic\xypic\xyall.tex
 Xy-pic option: All features v.3.3
(E:\Program Files\MiKTeX\tex\generic\xypic\xycurve.tex
 Xy-pic option: Curve and Spline extension v.3.7 curve,
\crv@cnt@=\count100
\crvpts@=\toks29
\splinebox@=\box34
\splineval@=\dimen140
\splinedepth@=\dimen141
\splinetol@=\dimen142
\splinelength@=\dimen143
 circles,
\L@=\dimen144
 loaded)
(E:\Program Files\MiKTeX\tex\generic\xypic\xyframe.tex
 Xy-pic option: Frame and Bracket extension v.3.7 loaded)
(E:\Program Files\MiKTeX\tex\generic\xypic\xycmtip.tex
 Xy-pic option: Computer Modern tip extension v.3.3
(E:\Program Files\MiKTeX\tex\generic\xypic\xytips.tex
 Xy-pic option: More Tips extension v.3.3 loaded) loaded)
(E:\Program Files\MiKTeX\tex\generic\xypic\xyline.tex
 Xy-pic option: Line styles extension v.3.6
\xylinethick@=\dimen145
 loaded)
(E:\Program Files\MiKTeX\tex\generic\xypic\xyrotate.tex
 Xy-pic option: Rotate and Scale extension v.3.3 loaded)
(E:\Program Files\MiKTeX\tex\generic\xypic\xycolor.tex
 Xy-pic option: Colour extension v.3.3 loaded)
(E:\Program Files\MiKTeX\tex\generic\xypic\xymatrix.tex
 Xy-pic option: Matrix feature v.3.4
\Row=\count101
\Col=\count102
\queue@=\toks30
\queue@@=\toks31
\qcount@=\count103
\qcount@@=\count104
\matrixsize@=\count105
 loaded)
(E:\Program Files\MiKTeX\tex\generic\xypic\xyarrow.tex
 Xy-pic option: Arrow and Path feature v.3.5 path, \ar, loaded)
(E:\Program Files\MiKTeX\tex\generic\xypic\xygraph.tex
 Xy-pic option: Graph feature v.3.7 loaded) loaded))
\c@thm=\count106
\c@defn=\count107
\c@conj=\count108
\c@exmp=\count109
 (slide.aux)
LaTeX Font Info:    Checking defaults for OML/cmm/m/it on input line 33.
LaTeX Font Info:    ... okay on input line 33.
LaTeX Font Info:    Checking defaults for T1/cmr/m/n on input line 33.
LaTeX Font Info:    ... okay on input line 33.
LaTeX Font Info:    Checking defaults for OT1/lcmss/m/n on input line 33.
LaTeX Font Info:    ... okay on input line 33.
LaTeX Font Info:    Checking defaults for OMS/cmsy/m/n on input line 33.
LaTeX Font Info:    ... okay on input line 33.
LaTeX Font Info:    Checking defaults for OMX/cmex/m/n on input line 33.
LaTeX Font Info:    ... okay on input line 33.
LaTeX Font Info:    Checking defaults for U/cmr/m/n on input line 33.
LaTeX Font Info:    ... okay on input line 33.
LaTeX Font Info:    Try loading font information for OML+lcmm on input line 39.


(E:\Program Files\MiKTeX\tex\latex\base\omllcmm.fd
File: omllcmm.fd 1998/06/12 v2.2e Standard LaTeX slide font definitions
)
LaTeX Font Info:    Try loading font information for OMS+lcmsy on input line 39
.

(E:\Program Files\MiKTeX\tex\latex\base\omslcmsy.fd
File: omslcmsy.fd 1998/06/12 v2.2e Standard LaTeX slide font definitions
)
LaTeX Font Info:    Try loading font information for OMX+lcmex on input line 39
.

(E:\Program Files\MiKTeX\tex\latex\base\omxlcmex.fd
File: omxlcmex.fd 1998/06/12 v2.2e Standard LaTeX slide font definitions
)
LaTeX Font Info:    External font `cmex10 at17.28pt' loaded for size
(Font)              <19.907> on input line 39.
LaTeX Font Info:    External font `cmex10 at17.28pt' loaded for size
(Font)              <16.59> on input line 39.
LaTeX Font Info:    External font `cmex10 at17.28pt' loaded for size
(Font)              <13.82> on input line 39.
LaTeX Font Info:    Try loading font information for U+msa on input line 39.

(E:\Program Files\MiKTeX\tex\latex\amsfonts\umsa.fd
File: umsa.fd 1995/01/05 v2.2e AMS font definitions
)

LaTeX Font Warning: Font shape `U/msa/m/n' in size <19.907> not available
(Font)              size <20.74> substituted on input line 39.


LaTeX Font Warning: Font shape `U/msa/m/n' in size <16.59> not available
(Font)              size <17.28> substituted on input line 39.


LaTeX Font Warning: Font shape `U/msa/m/n' in size <13.82> not available
(Font)              size <14.4> substituted on input line 39.

LaTeX Font Info:    Try loading font information for U+msb on input line 39.
(E:\Program Files\MiKTeX\tex\latex\amsfonts\umsb.fd
File: umsb.fd 1995/01/05 v2.2e AMS font definitions
)

LaTeX Font Warning: Font shape `U/msb/m/n' in size <19.907> not available
(Font)              size <20.74> substituted on input line 39.


LaTeX Font Warning: Font shape `U/msb/m/n' in size <16.59> not available
(Font)              size <17.28> substituted on input line 39.


LaTeX Font Warning: Font shape `U/msb/m/n' in size <13.82> not available
(Font)              size <14.4> substituted on input line 39.

<xymatrix 3x1 92> <xymatrix

LaTeX Font Warning: Font shape `OT1/cmr/bx/n' in size <19.907> not available
(Font)              size <20.74> substituted on input line 47.


LaTeX Font Warning: Font shape `OT1/cmr/bx/n' in size <16.59> not available
(Font)              size <17.28> substituted on input line 47.


LaTeX Font Warning: Font shape `OT1/cmr/bx/n' in size <13.82> not available
(Font)              size <14.4> substituted on input line 47.

7x7 230>
Overfull \vbox (14.6686pt too high) has occurred while \output is active []


[0

] (slide.aux)

LaTeX Font Warning: Size substitutions with differences
(Font)              up to 0.83301pt have occurred.

 )
Output written on slide.dvi (1 page, 1776 bytes).
